build/outputs/logs/manifest-merger-debug-report.txt
-- Merging decision tree log ---
manifest
ADDED from src/main/AndroidManifest.xml:2:1-50:12
	package
		ADDED from src/main/AndroidManifest.xml:3:5-43
		INJECTED from src/main/AndroidManifest.xml
		INJECTED from src/main/AndroidManifest.xml
	android:versionName
		ADDED from src/main/AndroidManifest.xml:5:5-30
		INJECTED from src/main/AndroidManifest.xml
		INJECTED from src/main/AndroidManifest.xml
	android:versionCode
		ADDED from src/main/AndroidManifest.xml:4:5-28
		INJECTED from src/main/AndroidManifest.xml
		INJECTED from src/main/AndroidManifest.xml
	xmlns:android
		ADDED from src/main/AndroidManifest.xml:2:11-69
uses-permission#android.permission.INTERNET
ADDED from src/main/AndroidManifest.xml:7:5-67
MERGED from [:paypal-here-sdk:] AndroidManifest.xml:20:5-67
MERGED from [com.google.android.gms:play-services-maps:8.1.0] AndroidManifest.xml:21:5-66
MERGED from [com.crashlytics.sdk.android:crashlytics:2.5.2] AndroidManifest.xml:9:5-67
MERGED from [com.crashlytics.sdk.android:answers:1.3.2] AndroidManifest.xml:9:5-67
MERGED from [io.fabric.sdk.android:fabric:1.3.6] AndroidManifest.xml:25:5-67
MERGED from [com.crashlytics.sdk.android:crashlytics-core:2.3.5] AndroidManifest.xml:9:5-67
	android:name
		ADDED from src/main/AndroidManifest.xml:7:22-64
application
ADDED from src/main/AndroidManifest.xml:9:5-48:19
MERGED from [:paypal-here-sdk:] AndroidManifest.xml:26:5-83:19
MERGED from [com.android.support:appcompat-v7:21.0.2] AndroidManifest.xml:16:5-19
MERGED from [com.android.support:support-v4:22.2.0] AndroidManifest.xml:22:5-20
MERGED from [com.google.android.gms:play-services-location:8.1.0] AndroidManifest.xml:19:5-20
MERGED from [com.google.android.gms:play-services-basement:8.1.0] AndroidManifest.xml:20:5-24:19
MERGED from [com.google.android.gms:play-services-maps:8.1.0] AndroidManifest.xml:28:5-20
MERGED from [com.crashlytics.sdk.android:crashlytics:2.5.2] AndroidManifest.xml:11:5-20
MERGED from [com.crashlytics.sdk.android:answers:1.3.2] AndroidManifest.xml:11:5-20
MERGED from [io.fabric.sdk.android:fabric:1.3.6] AndroidManifest.xml:27:5-20
MERGED from [com.crashlytics.sdk.android:crashlytics-core:2.3.5] AndroidManifest.xml:11:5-20
MERGED from [com.crashlytics.sdk.android:beta:1.1.3] AndroidManifest.xml:9:5-20
	android:label
		ADDED from src/main/AndroidManifest.xml:12:9-41
	android:allowBackup
		ADDED from src/main/AndroidManifest.xml:10:9-35
	android:icon
		ADDED from src/main/AndroidManifest.xml:11:9-43
	android:theme
		ADDED from src/main/AndroidManifest.xml:13:9-40
activity#com.paypal.heresdk.sampleapp.login.LoginActivity
ADDED from src/main/AndroidManifest.xml:14:9-24:20
	android:label
		ADDED from src/main/AndroidManifest.xml:16:13-45
	android:noHistory
		ADDED from src/main/AndroidManifest.xml:17:13-37
	android:configChanges
		ADDED from src/main/AndroidManifest.xml:18:13-74
	android:name
		ADDED from src/main/AndroidManifest.xml:15:13-48
intent-filter#android.intent.action.MAIN+android.intent.category.LAUNCHER
ADDED from src/main/AndroidManifest.xml:19:13-23:29
action#android.intent.action.MAIN
ADDED from src/main/AndroidManifest.xml:20:17-69
	android:name
		ADDED from src/main/AndroidManifest.xml:20:25-66
category#android.intent.category.LAUNCHER
ADDED from src/main/AndroidManifest.xml:22:17-77
	android:name
		ADDED from src/main/AndroidManifest.xml:22:27-74
activity#com.paypal.heresdk.sampleapp.ui.PaymentOptionsActivity
ADDED from src/main/AndroidManifest.xml:25:9-29:20
	android:label
		ADDED from src/main/AndroidManifest.xml:27:13-67
	android:configChanges
		ADDED from src/main/AndroidManifest.xml:28:13-74
	android:name
		ADDED from src/main/AndroidManifest.xml:26:13-54
activity#com.paypal.heresdk.sampleapp.ui.ReaderConnectionActivity
ADDED from src/main/AndroidManifest.xml:30:9-34:20
	android:label
		ADDED from src/main/AndroidManifest.xml:32:13-69
	android:configChanges
		ADDED from src/main/AndroidManifest.xml:33:13-74
	android:name
		ADDED from src/main/AndroidManifest.xml:31:13-56
activity#com.paypal.heresdk.sampleapp.ui.MultiReaderConnectionActivity
ADDED from src/main/AndroidManifest.xml:35:9-39:20
	android:label
		ADDED from src/main/AndroidManifest.xml:37:13-69
	android:configChanges
		ADDED from src/main/AndroidManifest.xml:38:13-74
	android:name
		ADDED from src/main/AndroidManifest.xml:36:13-61
activity#com.paypal.heresdk.sampleapp.ui.ChargeActivity
ADDED from src/main/AndroidManifest.xml:40:9-44:20
	android:label
		ADDED from src/main/AndroidManifest.xml:42:13-58
	android:configChanges
		ADDED from src/main/AndroidManifest.xml:43:13-74
	android:name
		ADDED from src/main/AndroidManifest.xml:41:13-46
meta-data#io.fabric.ApiKey
ADDED from src/main/AndroidManifest.xml:45:9-47:72
	android:value
		ADDED from src/main/AndroidManifest.xml:47:13-69
	android:name
		ADDED from src/main/AndroidManifest.xml:46:13-44
uses-sdk
INJECTED from src/main/AndroidManifest.xml reason: use-sdk injection requested
MERGED from [:paypal-here-sdk:] AndroidManifest.xml:7:5-9:41
MERGED from [com.android.support:appcompat-v7:21.0.2] AndroidManifest.xml:15:5-42
MERGED from [com.android.support:support-v4:22.2.0] AndroidManifest.xml:20:5-43
MERGED from [com.google.android.gms:play-services-location:8.1.0] AndroidManifest.xml:18:5-42
MERGED from [com.google.android.gms:play-services-base:8.1.0] AndroidManifest.xml:18:5-42
MERGED from [com.google.android.gms:play-services-basement:8.1.0] AndroidManifest.xml:18:5-42
MERGED from [com.google.android.gms:play-services-maps:8.1.0] AndroidManifest.xml:27:5-42
MERGED from [com.crashlytics.sdk.android:crashlytics:2.5.2] AndroidManifest.xml:7:5-43
MERGED from [com.crashlytics.sdk.android:answers:1.3.2] AndroidManifest.xml:7:5-43
MERGED from [io.fabric.sdk.android:fabric:1.3.6] AndroidManifest.xml:23:5-43
MERGED from [com.crashlytics.sdk.android:crashlytics-core:2.3.5] AndroidManifest.xml:7:5-43
MERGED from [com.crashlytics.sdk.android:beta:1.1.3] AndroidManifest.xml:7:5-43
	android:targetSdkVersion
		INJECTED from src/main/AndroidManifest.xml
		INJECTED from src/main/AndroidManifest.xml
	android:minSdkVersion
		INJECTED from src/main/AndroidManifest.xml
		INJECTED from src/main/AndroidManifest.xml
uses-permission#android.permission.ACCESS_GPS
ADDED from [:paypal-here-sdk:] AndroidManifest.xml:11:5-69
	android:name
		ADDED from [:paypal-here-sdk:] AndroidManifest.xml:11:22-66
uses-permission#android.permission.ACCESS_LOCATION
ADDED from [:paypal-here-sdk:] AndroidManifest.xml:12:5-74
	android:name
		ADDED from [:paypal-here-sdk:] AndroidManifest.xml:12:22-71
uses-permission#android.permission.ACCESS_COARSE_LOCATION
ADDED from [:paypal-here-sdk:] AndroidManifest.xml:13:5-81
	android:name
		ADDED from [:paypal-here-sdk:] AndroidManifest.xml:13:22-78
uses-permission#android.permission.ACCESS_FINE_LOCATION
ADDED from [:paypal-here-sdk:] AndroidManifest.xml:14:5-79
	android:name
		ADDED from [:paypal-here-sdk:] AndroidManifest.xml:14:22-76
uses-permission#android.permission.ACCESS_NETWORK_STATE
ADDED from [:paypal-here-sdk:] AndroidManifest.xml:15:5-79
MERGED from [com.google.android.gms:play-services-maps:8.1.0] AndroidManifest.xml:20:5-78
	android:name
		ADDED from [:paypal-here-sdk:] AndroidManifest.xml:15:22-76
uses-permission#android.permission.ACCESS_WIFI_STATE
ADDED from [:paypal-here-sdk:] AndroidManifest.xml:16:5-76
	android:name
		ADDED from [:paypal-here-sdk:] AndroidManifest.xml:16:22-73
uses-permission#android.permission.BLUETOOTH
ADDED from [:paypal-here-sdk:] AndroidManifest.xml:17:5-68
	android:name
		ADDED from [:paypal-here-sdk:] AndroidManifest.xml:17:22-65
uses-permission#android.permission.BLUETOOTH_ADMIN
ADDED from [:paypal-here-sdk:] AndroidManifest.xml:18:5-74
	android:name
		ADDED from [:paypal-here-sdk:] AndroidManifest.xml:18:22-71
uses-permission#android.permission.GET_ACCOUNTS
ADDED from [:paypal-here-sdk:] AndroidManifest.xml:19:5-71
	android:name
		ADDED from [:paypal-here-sdk:] AndroidManifest.xml:19:22-68
uses-permission#android.permission.MODIFY_AUDIO_SETTINGS
ADDED from [:paypal-here-sdk:] AndroidManifest.xml:21:5-80
	android:name
		ADDED from [:paypal-here-sdk:] AndroidManifest.xml:21:22-77
uses-permission#android.permission.READ_PHONE_STATE
ADDED from [:paypal-here-sdk:] AndroidManifest.xml:22:5-75
	android:name
		ADDED from [:paypal-here-sdk:] AndroidManifest.xml:22:22-72
uses-permission#android.permission.RECORD_AUDIO
ADDED from [:paypal-here-sdk:] AndroidManifest.xml:23:5-71
	android:name
		ADDED from [:paypal-here-sdk:] AndroidManifest.xml:23:22-68
uses-permission#android.permission.WRITE_EXTERNAL_STORAGE
ADDED from [:paypal-here-sdk:] AndroidManifest.xml:24:5-81
MERGED from [com.google.android.gms:play-services-maps:8.1.0] AndroidManifest.xml:22:5-80
	android:name
		ADDED from [:paypal-here-sdk:] AndroidManifest.xml:24:22-78
meta-data#com.google.android.gms.version
ADDED from [:paypal-here-sdk:] AndroidManifest.xml:27:9-29:69
MERGED from [com.google.android.gms:play-services-basement:8.1.0] AndroidManifest.xml:21:9-23:69
	android:value
		ADDED from [:paypal-here-sdk:] AndroidManifest.xml:29:13-66
	android:name
		ADDED from [:paypal-here-sdk:] AndroidManifest.xml:28:13-58
activity#com.paypal.merchant.sdk.internal.ui.emv.EMVPaymentActivity
ADDED from [:paypal-here-sdk:] AndroidManifest.xml:31:9-35:60
	android:label
		ADDED from [:paypal-here-sdk:] AndroidManifest.xml:34:13-49
	android:configChanges
		ADDED from [:paypal-here-sdk:] AndroidManifest.xml:33:13-74
	android:theme
		ADDED from [:paypal-here-sdk:] AndroidManifest.xml:35:13-57
	android:name
		ADDED from [:paypal-here-sdk:] AndroidManifest.xml:32:13-86
activity#com.paypal.merchant.sdk.internal.ui.swipe.SwipePaymentActivity
ADDED from [:paypal-here-sdk:] AndroidManifest.xml:36:9-40:60
	android:label
		ADDED from [:paypal-here-sdk:] AndroidManifest.xml:39:13-49
	android:configChanges
		ADDED from [:paypal-here-sdk:] AndroidManifest.xml:38:13-74
	android:theme
		ADDED from [:paypal-here-sdk:] AndroidManifest.xml:40:13-57
	android:name
		ADDED from [:paypal-here-sdk:] AndroidManifest.xml:37:13-90
activity#com.paypal.merchant.sdk.internal.ui.checkin.CheckinPaymentActivity
ADDED from [:paypal-here-sdk:] AndroidManifest.xml:41:9-45:60
	android:label
		ADDED from [:paypal-here-sdk:] AndroidManifest.xml:44:13-49
	android:configChanges
		ADDED from [:paypal-here-sdk:] AndroidManifest.xml:43:13-74
	android:theme
		ADDED from [:paypal-here-sdk:] AndroidManifest.xml:45:13-57
	android:name
		ADDED from [:paypal-here-sdk:] AndroidManifest.xml:42:13-94
activity#com.paypal.merchant.sdk.internal.ui.SDKRefundActivity
ADDED from [:paypal-here-sdk:] AndroidManifest.xml:46:9-50:60
	android:label
		ADDED from [:paypal-here-sdk:] AndroidManifest.xml:49:13-49
	android:configChanges
		ADDED from [:paypal-here-sdk:] AndroidManifest.xml:48:13-74
	android:theme
		ADDED from [:paypal-here-sdk:] AndroidManifest.xml:50:13-57
	android:name
		ADDED from [:paypal-here-sdk:] AndroidManifest.xml:47:13-81
activity#com.paypal.merchant.sdk.internal.ui.emv.EMVRefundActivity
ADDED from [:paypal-here-sdk:] AndroidManifest.xml:51:9-55:60
	android:label
		ADDED from [:paypal-here-sdk:] AndroidManifest.xml:54:13-49
	android:configChanges
		ADDED from [:paypal-here-sdk:] AndroidManifest.xml:53:13-74
	android:theme
		ADDED from [:paypal-here-sdk:] AndroidManifest.xml:55:13-57
	android:name
		ADDED from [:paypal-here-sdk:] AndroidManifest.xml:52:13-85
activity#com.paypal.merchant.sdk.internal.ui.signature.SignatureActivity
ADDED from [:paypal-here-sdk:] AndroidManifest.xml:56:9-61:53
	android:label
		ADDED from [:paypal-here-sdk:] AndroidManifest.xml:60:13-49
	android:exported
		ADDED from [:paypal-here-sdk:] AndroidManifest.xml:59:13-36
	android:configChanges
		ADDED from [:paypal-here-sdk:] AndroidManifest.xml:58:13-87
	android:theme
		ADDED from [:paypal-here-sdk:] AndroidManifest.xml:61:13-50
	android:name
		ADDED from [:paypal-here-sdk:] AndroidManifest.xml:57:13-91
activity#com.paypal.merchant.sdk.internal.ui.receipts.receiptoptions.ReceiptOptionsActivity
ADDED from [:paypal-here-sdk:] AndroidManifest.xml:62:9-67:53
	android:label
		ADDED from [:paypal-here-sdk:] AndroidManifest.xml:66:13-49
	android:exported
		ADDED from [:paypal-here-sdk:] AndroidManifest.xml:65:13-36
	android:configChanges
		ADDED from [:paypal-here-sdk:] AndroidManifest.xml:64:13-74
	android:theme
		ADDED from [:paypal-here-sdk:] AndroidManifest.xml:67:13-50
	android:name
		ADDED from [:paypal-here-sdk:] AndroidManifest.xml:63:13-110
activity#com.paypal.merchant.sdk.internal.ui.receipts.sendreceipt.SendReceiptActivity
ADDED from [:paypal-here-sdk:] AndroidManifest.xml:68:9-73:60
	android:label
		ADDED from [:paypal-here-sdk:] AndroidManifest.xml:72:13-49
	android:exported
		ADDED from [:paypal-here-sdk:] AndroidManifest.xml:71:13-36
	android:configChanges
		ADDED from [:paypal-here-sdk:] AndroidManifest.xml:70:13-74
	android:theme
		ADDED from [:paypal-here-sdk:] AndroidManifest.xml:73:13-57
	android:name
		ADDED from [:paypal-here-sdk:] AndroidManifest.xml:69:13-104
activity#com.paypal.merchant.sdk.internal.ui.emv.EMVDeviceConnectActivity
ADDED from [:paypal-here-sdk:] AndroidManifest.xml:74:9-78:60
	android:label
		ADDED from [:paypal-here-sdk:] AndroidManifest.xml:77:13-49
	android:configChanges
		ADDED from [:paypal-here-sdk:] AndroidManifest.xml:76:13-74
	android:theme
		ADDED from [:paypal-here-sdk:] AndroidManifest.xml:78:13-57
	android:name
		ADDED from [:paypal-here-sdk:] AndroidManifest.xml:75:13-92
activity#com.paypal.merchant.sdk.internal.ui.emv.EMVDeviceUpdateActivity
ADDED from [:paypal-here-sdk:] AndroidManifest.xml:79:9-82:52
	android:label
		ADDED from [:paypal-here-sdk:] AndroidManifest.xml:82:13-49
	android:configChanges
		ADDED from [:paypal-here-sdk:] AndroidManifest.xml:81:13-74
	android:name
		ADDED from [:paypal-here-sdk:] AndroidManifest.xml:80:13-91
android:uses-permission#android.permission.READ_EXTERNAL_STORAGE
IMPLIED from src/main/AndroidManifest.xml:2:1-50:12 reason: com.paypal.merchant.sdk requested WRITE_EXTERNAL_STORAGE
uses-feature#0x00020000
ADDED from [com.google.android.gms:play-services-maps:8.1.0] AndroidManifest.xml:23:5-25:33
	android:glEsVersion
		ADDED from [com.google.android.gms:play-services-maps:8.1.0] AndroidManifest.xml:24:8-40
	android:required
		ADDED from [com.google.android.gms:play-services-maps:8.1.0] AndroidManifest.xml:25:8-31